Command line invocation:
    /Applications/Xcode.app/Contents/Developer/usr/bin/xcodebuild -project /Users/luizhp/GitHub/SpinShot/ios/SpinShot.xcodeproj -configuration Debug -scheme SpinShot -destination id=FADE8CE1-3DE7-439D-A16F-5234EFAC1819

ComputePackagePrebuildTargetDependencyGraph

Prepare packages

CreateBuildRequest

SendProjectDescription

CreateBuildOperation

ComputeTargetDependencyGraph
note: Building targets in dependency order
note: Target dependency graph (1 target)
    Target 'SpinShot' in project 'SpinShot' (no dependencies)

GatherProvisioningInputs

CreateBuildDescription

ExecuteExternalTool /Applications/Xcode.app/Contents/Developer/Toolchains/XcodeDefault.xctoolchain/usr/bin/clang -v -E -dM -arch arm64 -isysroot /Applications/Xcode.app/Contents/Developer/Platforms/iPhoneSimulator.platform/Developer/SDKs/iPhoneSimulator18.5.sdk -x c -c /dev/null

ExecuteExternalTool /Applications/Xcode.app/Contents/Developer/usr/bin/ibtool --version --output-format xml1

ExecuteExternalTool /Applications/Xcode.app/Contents/Developer/Toolchains/XcodeDefault.xctoolchain/usr/bin/clang -v -E -dM -isysroot /Applications/Xcode.app/Contents/Developer/Platforms/iPhoneSimulator.platform/Developer/SDKs/iPhoneSimulator18.5.sdk -x c -c /dev/null

ExecuteExternalTool /Applications/Xcode.app/Contents/Developer/usr/bin/actool --print-asset-tag-combinations --output-format xml1 /Users/luizhp/GitHub/SpinShot/ios/SpinShot/Images.xcassets

ExecuteExternalTool /Applications/Xcode.app/Contents/Developer/usr/bin/actool --version --output-format xml1

ExecuteExternalTool /Applications/Xcode.app/Contents/Developer/Toolchains/XcodeDefault.xctoolchain/usr/bin/swiftc --version

ExecuteExternalTool /Applications/Xcode.app/Contents/Developer/Toolchains/XcodeDefault.xctoolchain/usr/bin/ld -version_details

Build description signature: 9dfc17cf7e21ee89e9e6ab69ee65145d
Build description path: /Users/luizhp/Library/Developer/Xcode/DerivedData/SpinShot-guvvlkaohdsqqqcpdtfakxuzglmu/Build/Intermediates.noindex/XCBuildData/9dfc17cf7e21ee89e9e6ab69ee65145d.xcbuilddata
CreateBuildDirectory /Users/luizhp/Library/Developer/Xcode/DerivedData/SpinShot-guvvlkaohdsqqqcpdtfakxuzglmu/Build/Products
    cd /Users/luizhp/GitHub/SpinShot/ios/SpinShot.xcodeproj
    builtin-create-build-directory /Users/luizhp/Library/Developer/Xcode/DerivedData/SpinShot-guvvlkaohdsqqqcpdtfakxuzglmu/Build/Products

CreateBuildDirectory /Users/luizhp/Library/Developer/Xcode/DerivedData/SpinShot-guvvlkaohdsqqqcpdtfakxuzglmu/Build/Intermediates.noindex
    cd /Users/luizhp/GitHub/SpinShot/ios/SpinShot.xcodeproj
    builtin-create-build-directory /Users/luizhp/Library/Developer/Xcode/DerivedData/SpinShot-guvvlkaohdsqqqcpdtfakxuzglmu/Build/Intermediates.noindex

ClangStatCache /Applications/Xcode.app/Contents/Developer/Toolchains/XcodeDefault.xctoolchain/usr/bin/clang-stat-cache /Applications/Xcode.app/Contents/Developer/Platforms/iPhoneSimulator.platform/Developer/SDKs/iPhoneSimulator18.5.sdk /Users/luizhp/Library/Developer/Xcode/DerivedData/SDKStatCaches.noindex/iphonesimulator18.5-22F76-d5fc8ad4295d2ef488fb7d0f804ce0c4.sdkstatcache
    cd /Users/luizhp/GitHub/SpinShot/ios/SpinShot.xcodeproj
    /Applications/Xcode.app/Contents/Developer/Toolchains/XcodeDefault.xctoolchain/usr/bin/clang-stat-cache /Applications/Xcode.app/Contents/Developer/Platforms/iPhoneSimulator.platform/Developer/SDKs/iPhoneSimulator18.5.sdk -o /Users/luizhp/Library/Developer/Xcode/DerivedData/SDKStatCaches.noindex/iphonesimulator18.5-22F76-d5fc8ad4295d2ef488fb7d0f804ce0c4.sdkstatcache

CreateBuildDirectory /Users/luizhp/Library/Developer/Xcode/DerivedData/SpinShot-guvvlkaohdsqqqcpdtfakxuzglmu/Build/Intermediates.noindex/EagerLinkingTBDs/Debug-iphonesimulator
    cd /Users/luizhp/GitHub/SpinShot/ios/SpinShot.xcodeproj
    builtin-create-build-directory /Users/luizhp/Library/Developer/Xcode/DerivedData/SpinShot-guvvlkaohdsqqqcpdtfakxuzglmu/Build/Intermediates.noindex/EagerLinkingTBDs/Debug-iphonesimulator

CreateBuildDirectory /Users/luizhp/Library/Developer/Xcode/DerivedData/SpinShot-guvvlkaohdsqqqcpdtfakxuzglmu/Build/Products/Debug-iphonesimulator
    cd /Users/luizhp/GitHub/SpinShot/ios/SpinShot.xcodeproj
    builtin-create-build-directory /Users/luizhp/Library/Developer/Xcode/DerivedData/SpinShot-guvvlkaohdsqqqcpdtfakxuzglmu/Build/Products/Debug-iphonesimulator

WriteAuxiliaryFile /Users/luizhp/Library/Developer/Xcode/DerivedData/SpinShot-guvvlkaohdsqqqcpdtfakxuzglmu/Build/Intermediates.noindex/SpinShot.build/Debug-iphonesimulator/SpinShot-5cfa13615a4c261bc0a4d74724c4e214-VFS-iphonesimulator/all-product-headers.yaml
    cd /Users/luizhp/GitHub/SpinShot/ios/SpinShot.xcodeproj
    write-file /Users/luizhp/Library/Developer/Xcode/DerivedData/SpinShot-guvvlkaohdsqqqcpdtfakxuzglmu/Build/Intermediates.noindex/SpinShot.build/Debug-iphonesimulator/SpinShot-5cfa13615a4c261bc0a4d74724c4e214-VFS-iphonesimulator/all-product-headers.yaml
error: unable to write file '/Users/luizhp/Library/Developer/Xcode/DerivedData/SpinShot-guvvlkaohdsqqqcpdtfakxuzglmu/Build/Intermediates.noindex/SpinShot.build/Debug-iphonesimulator/SpinShot-5cfa13615a4c261bc0a4d74724c4e214-VFS-iphonesimulator/all-product-headers.yaml': No such file or directory (2)

WriteAuxiliaryFile /Users/luizhp/Library/Developer/Xcode/DerivedData/SpinShot-guvvlkaohdsqqqcpdtfakxuzglmu/Build/Intermediates.noindex/SpinShot.build/Debug-iphonesimulator/SpinShot.build/SpinShot.hmap (in target 'SpinShot' from project 'SpinShot')
    cd /Users/luizhp/GitHub/SpinShot/ios
    write-file /Users/luizhp/Library/Developer/Xcode/DerivedData/SpinShot-guvvlkaohdsqqqcpdtfakxuzglmu/Build/Intermediates.noindex/SpinShot.build/Debug-iphonesimulator/SpinShot.build/SpinShot.hmap
error: unable to write file '/Users/luizhp/Library/Developer/Xcode/DerivedData/SpinShot-guvvlkaohdsqqqcpdtfakxuzglmu/Build/Intermediates.noindex/SpinShot.build/Debug-iphonesimulator/SpinShot.build/SpinShot.hmap': No such file or directory (2) (in target 'SpinShot' from project 'SpinShot')

WriteAuxiliaryFile /Users/luizhp/Library/Developer/Xcode/DerivedData/SpinShot-guvvlkaohdsqqqcpdtfakxuzglmu/Build/Intermediates.noindex/SpinShot.build/Debug-iphonesimulator/SpinShot.build/SpinShot-project-headers.hmap (in target 'SpinShot' from project 'SpinShot')
    cd /Users/luizhp/GitHub/SpinShot/ios
    write-file /Users/luizhp/Library/Developer/Xcode/DerivedData/SpinShot-guvvlkaohdsqqqcpdtfakxuzglmu/Build/Intermediates.noindex/SpinShot.build/Debug-iphonesimulator/SpinShot.build/SpinShot-project-headers.hmap
error: unable to write file '/Users/luizhp/Library/Developer/Xcode/DerivedData/SpinShot-guvvlkaohdsqqqcpdtfakxuzglmu/Build/Intermediates.noindex/SpinShot.build/Debug-iphonesimulator/SpinShot.build/SpinShot-project-headers.hmap': No such file or directory (2) (in target 'SpinShot' from project 'SpinShot')

WriteAuxiliaryFile /Users/luizhp/Library/Developer/Xcode/DerivedData/SpinShot-guvvlkaohdsqqqcpdtfakxuzglmu/Build/Intermediates.noindex/SpinShot.build/Debug-iphonesimulator/SpinShot.build/SpinShot-own-target-headers.hmap (in target 'SpinShot' from project 'SpinShot')
    cd /Users/luizhp/GitHub/SpinShot/ios
    write-file /Users/luizhp/Library/Developer/Xcode/DerivedData/SpinShot-guvvlkaohdsqqqcpdtfakxuzglmu/Build/Intermediates.noindex/SpinShot.build/Debug-iphonesimulator/SpinShot.build/SpinShot-own-target-headers.hmap
error: unable to write file '/Users/luizhp/Library/Developer/Xcode/DerivedData/SpinShot-guvvlkaohdsqqqcpdtfakxuzglmu/Build/Intermediates.noindex/SpinShot.build/Debug-iphonesimulator/SpinShot.build/SpinShot-own-target-headers.hmap': No such file or directory (2) (in target 'SpinShot' from project 'SpinShot')

WriteAuxiliaryFile /Users/luizhp/Library/Developer/Xcode/DerivedData/SpinShot-guvvlkaohdsqqqcpdtfakxuzglmu/Build/Intermediates.noindex/SpinShot.build/Debug-iphonesimulator/SpinShot.build/SpinShot-generated-files.hmap (in target 'SpinShot' from project 'SpinShot')
    cd /Users/luizhp/GitHub/SpinShot/ios
    write-file /Users/luizhp/Library/Developer/Xcode/DerivedData/SpinShot-guvvlkaohdsqqqcpdtfakxuzglmu/Build/Intermediates.noindex/SpinShot.build/Debug-iphonesimulator/SpinShot.build/SpinShot-generated-files.hmap

WriteAuxiliaryFile /Users/luizhp/Library/Developer/Xcode/DerivedData/SpinShot-guvvlkaohdsqqqcpdtfakxuzglmu/Build/Intermediates.noindex/SpinShot.build/Debug-iphonesimulator/SpinShot.build/SpinShot-all-target-headers.hmap (in target 'SpinShot' from project 'SpinShot')
    cd /Users/luizhp/GitHub/SpinShot/ios
    write-file /Users/luizhp/Library/Developer/Xcode/DerivedData/SpinShot-guvvlkaohdsqqqcpdtfakxuzglmu/Build/Intermediates.noindex/SpinShot.build/Debug-iphonesimulator/SpinShot.build/SpinShot-all-target-headers.hmap
error: unable to write file '/Users/luizhp/Library/Developer/Xcode/DerivedData/SpinShot-guvvlkaohdsqqqcpdtfakxuzglmu/Build/Intermediates.noindex/SpinShot.build/Debug-iphonesimulator/SpinShot.build/SpinShot-all-target-headers.hmap': No such file or directory (2) (in target 'SpinShot' from project 'SpinShot')

WriteAuxiliaryFile /Users/luizhp/Library/Developer/Xcode/DerivedData/SpinShot-guvvlkaohdsqqqcpdtfakxuzglmu/Build/Intermediates.noindex/SpinShot.build/Debug-iphonesimulator/SpinShot.build/SpinShot-all-non-framework-target-headers.hmap (in target 'SpinShot' from project 'SpinShot')
    cd /Users/luizhp/GitHub/SpinShot/ios
    write-file /Users/luizhp/Library/Developer/Xcode/DerivedData/SpinShot-guvvlkaohdsqqqcpdtfakxuzglmu/Build/Intermediates.noindex/SpinShot.build/Debug-iphonesimulator/SpinShot.build/SpinShot-all-non-framework-target-headers.hmap
error: unable to write file '/Users/luizhp/Library/Developer/Xcode/DerivedData/SpinShot-guvvlkaohdsqqqcpdtfakxuzglmu/Build/Intermediates.noindex/SpinShot.build/Debug-iphonesimulator/SpinShot.build/SpinShot-all-non-framework-target-headers.hmap': No such file or directory (2) (in target 'SpinShot' from project 'SpinShot')

WriteAuxiliaryFile /Users/luizhp/Library/Developer/Xcode/DerivedData/SpinShot-guvvlkaohdsqqqcpdtfakxuzglmu/Build/Intermediates.noindex/SpinShot.build/Debug-iphonesimulator/SpinShot.build/SpinShot.DependencyStaticMetadataFileList (in target 'SpinShot' from project 'SpinShot')
    cd /Users/luizhp/GitHub/SpinShot/ios
    write-file /Users/luizhp/Library/Developer/Xcode/DerivedData/SpinShot-guvvlkaohdsqqqcpdtfakxuzglmu/Build/Intermediates.noindex/SpinShot.build/Debug-iphonesimulator/SpinShot.build/SpinShot.DependencyStaticMetadataFileList

WriteAuxiliaryFile /Users/luizhp/Library/Developer/Xcode/DerivedData/SpinShot-guvvlkaohdsqqqcpdtfakxuzglmu/Build/Intermediates.noindex/SpinShot.build/Debug-iphonesimulator/SpinShot.build/SpinShot.DependencyMetadataFileList (in target 'SpinShot' from project 'SpinShot')
    cd /Users/luizhp/GitHub/SpinShot/ios
    write-file /Users/luizhp/Library/Developer/Xcode/DerivedData/SpinShot-guvvlkaohdsqqqcpdtfakxuzglmu/Build/Intermediates.noindex/SpinShot.build/Debug-iphonesimulator/SpinShot.build/SpinShot.DependencyMetadataFileList

note: Run script build phase 'Bundle React Native code and images' will be run during every build because the option to run the script phase "Based on dependency analysis" is unchecked. (in target 'SpinShot' from project 'SpinShot')
